<?xml version="1.0" encoding="UTF-8"?>
<!-- Generated by org.testng.reporters.JUnitXMLReporter -->
<testsuite ignored="0" hostname="DESKTOP-MUAM1G2" failures="0" tests="3" name="zbc" time="67.004" errors="0" timestamp="2021-03-26T07:16:16 GMT">
  <testcase classname="Testcode.Avallainrele1" name="login" time="19.523"/>
  <testcase classname="Testcode.Avallainrele1" name="dashboard" time="3.978"/>
  <testcase classname="Testcode.Avallainrele1" name="openactivity" time="43.447"/>
</testsuite> <!-- zbc -->
